2023-04-28T20:04:34.586Z error: [main.js:135:11] Error validating Assessment files Cannot find module '/Users/kakarot/Desktop/testing_plugin/testing-Plugin/experiment-descriptor.json'
Require stack:
- /Users/kakarot/Desktop/testing_plugin/testing-Plugin/node_modules/vlabs-buildexp/main.js
2023-04-28T20:05:21.532Z error: uncaughtException: Cannot find module '/Users/kakarot/Desktop/testing_plugin/testing-Plugin/experiment-descriptor.json'
Require stack:
- /Users/kakarot/Desktop/testing_plugin/testing-Plugin/node_modules/vlabs-buildexp/exp_build/experiment.js
- /Users/kakarot/Desktop/testing_plugin/testing-Plugin/node_modules/vlabs-buildexp/exp_build/exp_gen.js
- /Users/kakarot/Desktop/testing_plugin/testing-Plugin/node_modules/vlabs-buildexp/main.js
Error: Cannot find module '/Users/kakarot/Desktop/testing_plugin/testing-Plugin/experiment-descriptor.json'
Require stack:
- /Users/kakarot/Desktop/testing_plugin/testing-Plugin/node_modules/vlabs-buildexp/exp_build/experiment.js
- /Users/kakarot/Desktop/testing_plugin/testing-Plugin/node_modules/vlabs-buildexp/exp_build/exp_gen.js
- /Users/kakarot/Desktop/testing_plugin/testing-Plugin/node_modules/vlabs-buildexp/main.js
    at Function.Module._resolveFilename (node:internal/modules/cjs/loader:933:15)
    at Function.Module._load (node:internal/modules/cjs/loader:778:27)
    at Module.require (node:internal/modules/cjs/loader:999:19)
    at require (node:internal/modules/cjs/helpers:102:18)
    at new Experiment (/Users/kakarot/Desktop/testing_plugin/testing-Plugin/node_modules/vlabs-buildexp/exp_build/experiment.js:38:23)
    at run (/Users/kakarot/Desktop/testing_plugin/testing-Plugin/node_modules/vlabs-buildexp/exp_build/exp_gen.js:20:15)
    at build (/Users/kakarot/Desktop/testing_plugin/testing-Plugin/node_modules/vlabs-buildexp/main.js:82:3)
    at main (/Users/kakarot/Desktop/testing_plugin/testing-Plugin/node_modules/vlabs-buildexp/main.js:231:7)
    at Object.<anonymous> (/Users/kakarot/Desktop/testing_plugin/testing-Plugin/node_modules/vlabs-buildexp/main.js:294:1)
    at Module._compile (node:internal/modules/cjs/loader:1097:14)
2023-04-28T20:06:31.582Z error: uncaughtException: Cannot find module '/Users/kakarot/Desktop/testing_plugin/testing-Plugin/experiment-descriptor.json'
Require stack:
- /Users/kakarot/Desktop/testing_plugin/testing-Plugin/node_modules/vlabs-buildexp/exp_build/experiment.js
- /Users/kakarot/Desktop/testing_plugin/testing-Plugin/node_modules/vlabs-buildexp/exp_build/exp_gen.js
- /Users/kakarot/Desktop/testing_plugin/testing-Plugin/node_modules/vlabs-buildexp/main.js
Error: Cannot find module '/Users/kakarot/Desktop/testing_plugin/testing-Plugin/experiment-descriptor.json'
Require stack:
- /Users/kakarot/Desktop/testing_plugin/testing-Plugin/node_modules/vlabs-buildexp/exp_build/experiment.js
- /Users/kakarot/Desktop/testing_plugin/testing-Plugin/node_modules/vlabs-buildexp/exp_build/exp_gen.js
- /Users/kakarot/Desktop/testing_plugin/testing-Plugin/node_modules/vlabs-buildexp/main.js
    at Function.Module._resolveFilename (node:internal/modules/cjs/loader:933:15)
    at Function.Module._load (node:internal/modules/cjs/loader:778:27)
    at Module.require (node:internal/modules/cjs/loader:999:19)
    at require (node:internal/modules/cjs/helpers:102:18)
    at new Experiment (/Users/kakarot/Desktop/testing_plugin/testing-Plugin/node_modules/vlabs-buildexp/exp_build/experiment.js:38:23)
    at run (/Users/kakarot/Desktop/testing_plugin/testing-Plugin/node_modules/vlabs-buildexp/exp_build/exp_gen.js:20:15)
    at build (/Users/kakarot/Desktop/testing_plugin/testing-Plugin/node_modules/vlabs-buildexp/main.js:82:3)
    at main (/Users/kakarot/Desktop/testing_plugin/testing-Plugin/node_modules/vlabs-buildexp/main.js:231:7)
    at Object.<anonymous> (/Users/kakarot/Desktop/testing_plugin/testing-Plugin/node_modules/vlabs-buildexp/main.js:294:1)
    at Module._compile (node:internal/modules/cjs/loader:1097:14)
2023-04-28T20:09:28.260Z error: uncaughtException: Cannot find module '/Users/kakarot/Desktop/testing_plugin/testing-Plugin/experiment-descriptor.json'
Require stack:
- /Users/kakarot/Desktop/testing_plugin/testing-Plugin/node_modules/vlabs-buildexp/exp_build/experiment.js
- /Users/kakarot/Desktop/testing_plugin/testing-Plugin/node_modules/vlabs-buildexp/exp_build/exp_gen.js
- /Users/kakarot/Desktop/testing_plugin/testing-Plugin/node_modules/vlabs-buildexp/main.js
Error: Cannot find module '/Users/kakarot/Desktop/testing_plugin/testing-Plugin/experiment-descriptor.json'
Require stack:
- /Users/kakarot/Desktop/testing_plugin/testing-Plugin/node_modules/vlabs-buildexp/exp_build/experiment.js
- /Users/kakarot/Desktop/testing_plugin/testing-Plugin/node_modules/vlabs-buildexp/exp_build/exp_gen.js
- /Users/kakarot/Desktop/testing_plugin/testing-Plugin/node_modules/vlabs-buildexp/main.js
    at Function.Module._resolveFilename (node:internal/modules/cjs/loader:933:15)
    at Function.Module._load (node:internal/modules/cjs/loader:778:27)
    at Module.require (node:internal/modules/cjs/loader:999:19)
    at require (node:internal/modules/cjs/helpers:102:18)
    at new Experiment (/Users/kakarot/Desktop/testing_plugin/testing-Plugin/node_modules/vlabs-buildexp/exp_build/experiment.js:38:23)
    at run (/Users/kakarot/Desktop/testing_plugin/testing-Plugin/node_modules/vlabs-buildexp/exp_build/exp_gen.js:20:15)
    at build (/Users/kakarot/Desktop/testing_plugin/testing-Plugin/node_modules/vlabs-buildexp/main.js:82:3)
    at main (/Users/kakarot/Desktop/testing_plugin/testing-Plugin/node_modules/vlabs-buildexp/main.js:231:7)
    at Object.<anonymous> (/Users/kakarot/Desktop/testing_plugin/testing-Plugin/node_modules/vlabs-buildexp/main.js:294:1)
    at Module._compile (node:internal/modules/cjs/loader:1097:14)
