2023-04-28T20:04:29.783Z info: [main.js:246:11] Calling validate with options: 
2023-04-28T20:04:29.793Z info: [main.js:247:11] isESLINT: true
2023-04-28T20:04:29.795Z info: [main.js:248:11] isExpDesc: true
2023-04-28T20:04:29.797Z debug: [main.js:98:11] Validating with eslint
2023-04-28T20:04:33.131Z debug: [main.js:107:11] Validating experiment descriptor
2023-04-28T20:04:34.582Z debug: [main.js:117:11] Validating Assessment files
2023-04-28T20:04:34.586Z error: [main.js:135:11] Error validating Assessment files Cannot find module '/Users/kakarot/Desktop/testing_plugin/testing-Plugin/experiment-descriptor.json'
Require stack:
- /Users/kakarot/Desktop/testing_plugin/testing-Plugin/node_modules/vlabs-buildexp/main.js
2023-04-28T20:05:21.480Z info: [main.js:225:11] Calling build with options: 
2023-04-28T20:05:21.487Z info: [main.js:226:11] isClean: true
2023-04-28T20:05:21.488Z info: [main.js:227:11] isESLINT: true
2023-04-28T20:05:21.490Z info: [main.js:228:11] isExpDesc: true
2023-04-28T20:05:21.491Z info: [main.js:229:11] isDeploy: false
2023-04-28T20:05:21.492Z info: [main.js:230:11] isPlugin: true
2023-04-28T20:05:21.494Z debug: [main.js:40:9] Cleaning build folder
2023-04-28T20:05:21.497Z debug: [main.js:151:7] Cleaned build folder
2023-04-28T20:05:21.501Z debug: [exp_build/exp_gen.js:11:7] Running build process at .
2023-04-28T20:05:21.532Z error: uncaughtException: Cannot find module '/Users/kakarot/Desktop/testing_plugin/testing-Plugin/experiment-descriptor.json'
Require stack:
- /Users/kakarot/Desktop/testing_plugin/testing-Plugin/node_modules/vlabs-buildexp/exp_build/experiment.js
- /Users/kakarot/Desktop/testing_plugin/testing-Plugin/node_modules/vlabs-buildexp/exp_build/exp_gen.js
- /Users/kakarot/Desktop/testing_plugin/testing-Plugin/node_modules/vlabs-buildexp/main.js
Error: Cannot find module '/Users/kakarot/Desktop/testing_plugin/testing-Plugin/experiment-descriptor.json'
Require stack:
- /Users/kakarot/Desktop/testing_plugin/testing-Plugin/node_modules/vlabs-buildexp/exp_build/experiment.js
- /Users/kakarot/Desktop/testing_plugin/testing-Plugin/node_modules/vlabs-buildexp/exp_build/exp_gen.js
- /Users/kakarot/Desktop/testing_plugin/testing-Plugin/node_modules/vlabs-buildexp/main.js
    at Function.Module._resolveFilename (node:internal/modules/cjs/loader:933:15)
    at Function.Module._load (node:internal/modules/cjs/loader:778:27)
    at Module.require (node:internal/modules/cjs/loader:999:19)
    at require (node:internal/modules/cjs/helpers:102:18)
    at new Experiment (/Users/kakarot/Desktop/testing_plugin/testing-Plugin/node_modules/vlabs-buildexp/exp_build/experiment.js:38:23)
    at run (/Users/kakarot/Desktop/testing_plugin/testing-Plugin/node_modules/vlabs-buildexp/exp_build/exp_gen.js:20:15)
    at build (/Users/kakarot/Desktop/testing_plugin/testing-Plugin/node_modules/vlabs-buildexp/main.js:82:3)
    at main (/Users/kakarot/Desktop/testing_plugin/testing-Plugin/node_modules/vlabs-buildexp/main.js:231:7)
    at Object.<anonymous> (/Users/kakarot/Desktop/testing_plugin/testing-Plugin/node_modules/vlabs-buildexp/main.js:294:1)
    at Module._compile (node:internal/modules/cjs/loader:1097:14)
2023-04-28T20:06:31.532Z info: [main.js:225:11] Calling build with options: 
2023-04-28T20:06:31.542Z info: [main.js:226:11] isClean: true
2023-04-28T20:06:31.543Z info: [main.js:227:11] isESLINT: true
2023-04-28T20:06:31.544Z info: [main.js:228:11] isExpDesc: true
2023-04-28T20:06:31.546Z info: [main.js:229:11] isDeploy: false
2023-04-28T20:06:31.546Z info: [main.js:230:11] isPlugin: true
2023-04-28T20:06:31.549Z debug: [main.js:40:9] Cleaning build folder
2023-04-28T20:06:31.550Z debug: [main.js:151:7] Cleaned build folder
2023-04-28T20:06:31.554Z debug: [exp_build/exp_gen.js:11:7] Running build process at .
2023-04-28T20:06:31.582Z error: uncaughtException: Cannot find module '/Users/kakarot/Desktop/testing_plugin/testing-Plugin/experiment-descriptor.json'
Require stack:
- /Users/kakarot/Desktop/testing_plugin/testing-Plugin/node_modules/vlabs-buildexp/exp_build/experiment.js
- /Users/kakarot/Desktop/testing_plugin/testing-Plugin/node_modules/vlabs-buildexp/exp_build/exp_gen.js
- /Users/kakarot/Desktop/testing_plugin/testing-Plugin/node_modules/vlabs-buildexp/main.js
Error: Cannot find module '/Users/kakarot/Desktop/testing_plugin/testing-Plugin/experiment-descriptor.json'
Require stack:
- /Users/kakarot/Desktop/testing_plugin/testing-Plugin/node_modules/vlabs-buildexp/exp_build/experiment.js
- /Users/kakarot/Desktop/testing_plugin/testing-Plugin/node_modules/vlabs-buildexp/exp_build/exp_gen.js
- /Users/kakarot/Desktop/testing_plugin/testing-Plugin/node_modules/vlabs-buildexp/main.js
    at Function.Module._resolveFilename (node:internal/modules/cjs/loader:933:15)
    at Function.Module._load (node:internal/modules/cjs/loader:778:27)
    at Module.require (node:internal/modules/cjs/loader:999:19)
    at require (node:internal/modules/cjs/helpers:102:18)
    at new Experiment (/Users/kakarot/Desktop/testing_plugin/testing-Plugin/node_modules/vlabs-buildexp/exp_build/experiment.js:38:23)
    at run (/Users/kakarot/Desktop/testing_plugin/testing-Plugin/node_modules/vlabs-buildexp/exp_build/exp_gen.js:20:15)
    at build (/Users/kakarot/Desktop/testing_plugin/testing-Plugin/node_modules/vlabs-buildexp/main.js:82:3)
    at main (/Users/kakarot/Desktop/testing_plugin/testing-Plugin/node_modules/vlabs-buildexp/main.js:231:7)
    at Object.<anonymous> (/Users/kakarot/Desktop/testing_plugin/testing-Plugin/node_modules/vlabs-buildexp/main.js:294:1)
    at Module._compile (node:internal/modules/cjs/loader:1097:14)
2023-04-28T20:08:54.904Z info: [main.js:253:11] Calling clean
2023-04-28T20:08:54.909Z debug: [main.js:151:7] Cleaned build folder
2023-04-28T20:08:54.910Z info: [main.js:255:11] Clean Complete
2023-04-28T20:09:28.231Z info: [main.js:225:11] Calling build with options: 
2023-04-28T20:09:28.236Z info: [main.js:226:11] isClean: true
2023-04-28T20:09:28.237Z info: [main.js:227:11] isESLINT: true
2023-04-28T20:09:28.237Z info: [main.js:228:11] isExpDesc: true
2023-04-28T20:09:28.239Z info: [main.js:229:11] isDeploy: false
2023-04-28T20:09:28.240Z info: [main.js:230:11] isPlugin: true
2023-04-28T20:09:28.242Z debug: [main.js:40:9] Cleaning build folder
2023-04-28T20:09:28.242Z debug: [main.js:151:7] Cleaned build folder
2023-04-28T20:09:28.244Z debug: [exp_build/exp_gen.js:11:7] Running build process at .
2023-04-28T20:09:28.260Z error: uncaughtException: Cannot find module '/Users/kakarot/Desktop/testing_plugin/testing-Plugin/experiment-descriptor.json'
Require stack:
- /Users/kakarot/Desktop/testing_plugin/testing-Plugin/node_modules/vlabs-buildexp/exp_build/experiment.js
- /Users/kakarot/Desktop/testing_plugin/testing-Plugin/node_modules/vlabs-buildexp/exp_build/exp_gen.js
- /Users/kakarot/Desktop/testing_plugin/testing-Plugin/node_modules/vlabs-buildexp/main.js
Error: Cannot find module '/Users/kakarot/Desktop/testing_plugin/testing-Plugin/experiment-descriptor.json'
Require stack:
- /Users/kakarot/Desktop/testing_plugin/testing-Plugin/node_modules/vlabs-buildexp/exp_build/experiment.js
- /Users/kakarot/Desktop/testing_plugin/testing-Plugin/node_modules/vlabs-buildexp/exp_build/exp_gen.js
- /Users/kakarot/Desktop/testing_plugin/testing-Plugin/node_modules/vlabs-buildexp/main.js
    at Function.Module._resolveFilename (node:internal/modules/cjs/loader:933:15)
    at Function.Module._load (node:internal/modules/cjs/loader:778:27)
    at Module.require (node:internal/modules/cjs/loader:999:19)
    at require (node:internal/modules/cjs/helpers:102:18)
    at new Experiment (/Users/kakarot/Desktop/testing_plugin/testing-Plugin/node_modules/vlabs-buildexp/exp_build/experiment.js:38:23)
    at run (/Users/kakarot/Desktop/testing_plugin/testing-Plugin/node_modules/vlabs-buildexp/exp_build/exp_gen.js:20:15)
    at build (/Users/kakarot/Desktop/testing_plugin/testing-Plugin/node_modules/vlabs-buildexp/main.js:82:3)
    at main (/Users/kakarot/Desktop/testing_plugin/testing-Plugin/node_modules/vlabs-buildexp/main.js:231:7)
    at Object.<anonymous> (/Users/kakarot/Desktop/testing_plugin/testing-Plugin/node_modules/vlabs-buildexp/main.js:294:1)
    at Module._compile (node:internal/modules/cjs/loader:1097:14)
